<?xml version="1.0" encoding="UTF-8"?>
<!-- Generated by org.testng.reporters.JUnitReportReporter -->
<testsuite hostname="SOUMI-PC" name="Ant_Package.TestAnt1" tests="3" failures="0" timestamp="9 Jun 2015 02:05:05 GMT" time="0.005" errors="0">
  <testcase name="TestClass1" time="0.005" classname="Ant_Package.TestAnt1"/>
  <testcase name="TestClass2" time="0.000" classname="Ant_Package.TestAnt1"/>
  <testcase name="TestClass3" time="0.000" classname="Ant_Package.TestAnt1"/>
</testsuite> <!-- Ant_Package.TestAnt1 -->
