<?xml version="1.0" encoding="UTF-8"?>
<!-- Generated by org.testng.reporters.JUnitReportReporter -->
<testsuite hostname="SOUMI-PC" name="Ant_Package.TestAnt2" tests="4" failures="0" timestamp="9 Jun 2015 02:05:05 GMT" time="0.000" errors="0">
  <testcase name="TestClass6" time="0.000" classname="Ant_Package.TestAnt2"/>
  <testcase name="TestClass7" time="0.000" classname="Ant_Package.TestAnt2"/>
  <testcase name="TestClass4" time="0.000" classname="Ant_Package.TestAnt2"/>
  <testcase name="TestClass5" time="0.000" classname="Ant_Package.TestAnt2"/>
</testsuite> <!-- Ant_Package.TestAnt2 -->
