<?xml version="1.0" encoding="UTF-8"?>
<!-- Generated by org.testng.reporters.JUnitReportReporter -->
<testsuite hostname="SOUMI-PC" name="Test.Java.NewTest" tests="1" failures="0" timestamp="20 Jun 2015 18:23:45 GMT" time="56.774" errors="0">
  <testcase name="f" time="56.774" classname="Test.Java.NewTest"/>
</testsuite> <!-- Test.Java.NewTest -->
